<?xml version="1.0" encoding="UTF-8"?>
<!-- Generated by org.testng.reporters.JUnitXMLReporter -->
<testsuite hostname="DESKTOP-AIBD1RS" ignored="0" name="Default test" tests="11" failures="1" timestamp="28 Apr 2020 10:26:49 GMT" time="32.312" errors="0">
  <testcase name="radioButton" time="0.232" classname="com.hybrid.test.PracticePageTest"/>
  <testcase name="suggestion" time="1.294" classname="com.hybrid.test.PracticePageTest"/>
  <testcase name="dropdown" time="0.179" classname="com.hybrid.test.PracticePageTest"/>
  <testcase name="checkBoxAll" time="0.388" classname="com.hybrid.test.PracticePageTest"/>
  <testcase name="getWindowhandles" time="6.411" classname="com.hybrid.test.PracticePageTest"/>
  <testcase name="getWindowTabs" time="2.381" classname="com.hybrid.test.PracticePageTest"/>
  <testcase name="alertBox" time="3.915" classname="com.hybrid.test.PracticePageTest"/>
  <testcase name="webTable" time="0.789" classname="com.hybrid.test.PracticePageTest">
    <failure type="java.lang.AssertionError" message="expected [book] but found [[[[ChromeDriver: chrome on WINDOWS (464dc09bd8c8d72b5b1f2a84dffd7a99)] -&amp;gt; xpath: //td[2]], [[ChromeDriver: chrome on WINDOWS (464dc09bd8c8d72b5b1f2a84dffd7a99)] -&amp;gt; xpath: //td[2]], [[ChromeDriver: chrome on WINDOWS (464dc09bd8c8d72b5b1f2a84dffd7a99)] -&amp;gt; xpath: //td[2]], [[ChromeDriver: chrome on WINDOWS (464dc09bd8c8d72b5b1f2a84dffd7a99)] -&amp;gt; xpath: //td[2]], [[ChromeDriver: chrome on WINDOWS (464dc09bd8c8d72b5b1f2a84dffd7a99)] -&amp;gt; xpath: //td[2]], [[ChromeDriver: chrome on WINDOWS (464dc09bd8c8d72b5b1f2a84dffd7a99)] -&amp;gt; xpath: //td[2]], [[ChromeDriver: chrome on WINDOWS (464dc09bd8c8d72b5b1f2a84dffd7a99)] -&amp;gt; xpath: //td[2]], [[ChromeDriver: chrome on WINDOWS (464dc09bd8c8d72b5b1f2a84dffd7a99)] -&amp;gt; xpath: //td[2]], [[ChromeDriver: chrome on WINDOWS (464dc09bd8c8d72b5b1f2a84dffd7a99)] -&amp;gt; xpath: //td[2]], [[ChromeDriver: chrome on WINDOWS (464dc09bd8c8d72b5b1f2a84dffd7a99)] -&amp;gt; xpath: //td[2]], [[ChromeDriver: chrome on WINDOWS (464dc09bd8c8d72b5b1f2a84dffd7a99)] -&amp;gt; xpath: //td[2]]]]">
      <![CDATA[java.lang.AssertionError: expected [book] but found [[[[ChromeDriver: chrome on WINDOWS (464dc09bd8c8d72b5b1f2a84dffd7a99)] -> xpath: //td[2]], [[ChromeDriver: chrome on WINDOWS (464dc09bd8c8d72b5b1f2a84dffd7a99)] -> xpath: //td[2]], [[ChromeDriver: chrome on WINDOWS (464dc09bd8c8d72b5b1f2a84dffd7a99)] -> xpath: //td[2]], [[ChromeDriver: chrome on WINDOWS (464dc09bd8c8d72b5b1f2a84dffd7a99)] -> xpath: //td[2]], [[ChromeDriver: chrome on WINDOWS (464dc09bd8c8d72b5b1f2a84dffd7a99)] -> xpath: //td[2]], [[ChromeDriver: chrome on WINDOWS (464dc09bd8c8d72b5b1f2a84dffd7a99)] -> xpath: //td[2]], [[ChromeDriver: chrome on WINDOWS (464dc09bd8c8d72b5b1f2a84dffd7a99)] -> xpath: //td[2]], [[ChromeDriver: chrome on WINDOWS (464dc09bd8c8d72b5b1f2a84dffd7a99)] -> xpath: //td[2]], [[ChromeDriver: chrome on WINDOWS (464dc09bd8c8d72b5b1f2a84dffd7a99)] -> xpath: //td[2]], [[ChromeDriver: chrome on WINDOWS (464dc09bd8c8d72b5b1f2a84dffd7a99)] -> xpath: //td[2]], [[ChromeDriver: chrome on WINDOWS (464dc09bd8c8d72b5b1f2a84dffd7a99)] -> xpath: //td[2]]]]
at org.testng.Assert.fail(Assert.java:96)
at org.testng.Assert.failNotEquals(Assert.java:776)
at org.testng.Assert.assertEqualsImpl(Assert.java:137)
at org.testng.Assert.assertEquals(Assert.java:118)
at org.testng.Assert.assertEquals(Assert.java:442)
at com.hybrid.objectRepository.PracticePageFactory.webTable(PracticePageFactory.java:342)
at com.hybrid.test.PracticePageTest.webTable(PracticePageTest.java:61)
at sun.reflect.NativeMethodAccessorImpl.invoke0(Native Method)
at sun.reflect.NativeMethodAccessorImpl.invoke(Unknown Source)
at sun.reflect.DelegatingMethodAccessorImpl.invoke(Unknown Source)
at java.lang.reflect.Method.invoke(Unknown Source)
at org.testng.internal.MethodInvocationHelper.invokeMethod(MethodInvocationHelper.java:124)
at org.testng.internal.Invoker.invokeMethod(Invoker.java:583)
at org.testng.internal.Invoker.invokeTestMethod(Invoker.java:719)
at org.testng.internal.Invoker.invokeTestMethods(Invoker.java:989)
at org.testng.internal.TestMethodWorker.invokeTestMethods(TestMethodWorker.java:125)
at org.testng.internal.TestMethodWorker.run(TestMethodWorker.java:109)
at org.testng.TestRunner.privateRun(TestRunner.java:648)
at org.testng.TestRunner.run(TestRunner.java:505)
at org.testng.SuiteRunner.runTest(SuiteRunner.java:455)
at org.testng.SuiteRunner.runSequentially(SuiteRunner.java:450)
at org.testng.SuiteRunner.privateRun(SuiteRunner.java:415)
at org.testng.SuiteRunner.run(SuiteRunner.java:364)
at org.testng.SuiteRunnerWorker.runSuite(SuiteRunnerWorker.java:52)
at org.testng.SuiteRunnerWorker.run(SuiteRunnerWorker.java:84)
at org.testng.TestNG.runSuitesSequentially(TestNG.java:1208)
at org.testng.TestNG.runSuitesLocally(TestNG.java:1137)
at org.testng.TestNG.runSuites(TestNG.java:1049)
at org.testng.TestNG.run(TestNG.java:1017)
at org.testng.remote.AbstractRemoteTestNG.run(AbstractRemoteTestNG.java:115)
at org.testng.remote.RemoteTestNG.initAndRun(RemoteTestNG.java:251)
at org.testng.remote.RemoteTestNG.main(RemoteTestNG.java:77)
]]>
    </failure>
  </testcase> <!-- webTable -->
  <testcase name="elementDisplayed" time="0.538" classname="com.hybrid.test.PracticePageTest"/>
  <testcase name="hover" time="1.577" classname="com.hybrid.test.PracticePageTest"/>
  <testcase name="iframe" time="0.505" classname="com.hybrid.test.PracticePageTest"/>
</testsuite> <!-- Default test -->
