<?xml version="1.0" encoding="UTF-8"?>
<testng-results skipped="0" failed="1" ignored="0" total="11" passed="10">
  <reporter-output>
  </reporter-output>
  <suite name="Default suite" duration-ms="32312" started-at="2020-04-28T10:26:17Z" finished-at="2020-04-28T10:26:49Z">
    <groups>
    </groups>
    <test name="Default test" duration-ms="32312" started-at="2020-04-28T10:26:17Z" finished-at="2020-04-28T10:26:49Z">
      <class name="com.hybrid.test.PracticePageTest">
        <test-method status="PASS" signature="initialze()[pri:0, instance:com.hybrid.test.PracticePageTest@531f4093]" name="initialze" is-config="true" duration-ms="13199" started-at="2020-04-28T10:26:17Z" finished-at="2020-04-28T10:26:30Z">
          <reporter-output>
          </reporter-output>
        </test-method> <!-- initialze -->
        <test-method status="PASS" signature="radioButton()[pri:1, instance:com.hybrid.test.PracticePageTest@531f4093]" name="radioButton" duration-ms="232" started-at="2020-04-28T10:26:30Z" finished-at="2020-04-28T10:26:30Z">
          <reporter-output>
          </reporter-output>
        </test-method> <!-- radioButton -->
        <test-method status="PASS" signature="suggestion()[pri:2, instance:com.hybrid.test.PracticePageTest@531f4093]" name="suggestion" duration-ms="1294" started-at="2020-04-28T10:26:30Z" finished-at="2020-04-28T10:26:32Z">
          <reporter-output>
          </reporter-output>
        </test-method> <!-- suggestion -->
        <test-method status="PASS" signature="dropdown()[pri:3, instance:com.hybrid.test.PracticePageTest@531f4093]" name="dropdown" duration-ms="179" started-at="2020-04-28T10:26:32Z" finished-at="2020-04-28T10:26:32Z">
          <reporter-output>
          </reporter-output>
        </test-method> <!-- dropdown -->
        <test-method status="PASS" signature="checkBoxAll()[pri:4, instance:com.hybrid.test.PracticePageTest@531f4093]" name="checkBoxAll" duration-ms="388" started-at="2020-04-28T10:26:32Z" finished-at="2020-04-28T10:26:32Z">
          <reporter-output>
          </reporter-output>
        </test-method> <!-- checkBoxAll -->
        <test-method status="PASS" signature="getWindowhandles()[pri:5, instance:com.hybrid.test.PracticePageTest@531f4093]" name="getWindowhandles" duration-ms="6411" started-at="2020-04-28T10:26:32Z" finished-at="2020-04-28T10:26:39Z">
          <reporter-output>
          </reporter-output>
        </test-method> <!-- getWindowhandles -->
        <test-method status="PASS" signature="getWindowTabs()[pri:6, instance:com.hybrid.test.PracticePageTest@531f4093]" name="getWindowTabs" duration-ms="2381" started-at="2020-04-28T10:26:39Z" finished-at="2020-04-28T10:26:41Z">
          <reporter-output>
          </reporter-output>
        </test-method> <!-- getWindowTabs -->
        <test-method status="PASS" signature="alertBox()[pri:7, instance:com.hybrid.test.PracticePageTest@531f4093]" name="alertBox" duration-ms="3915" started-at="2020-04-28T10:26:41Z" finished-at="2020-04-28T10:26:45Z">
          <reporter-output>
          </reporter-output>
        </test-method> <!-- alertBox -->
        <test-method status="FAIL" signature="webTable()[pri:8, instance:com.hybrid.test.PracticePageTest@531f4093]" name="webTable" duration-ms="789" started-at="2020-04-28T10:26:45Z" finished-at="2020-04-28T10:26:46Z">
          <exception class="java.lang.AssertionError">
            <message>
              <![CDATA[expected [book] but found [[[[ChromeDriver: chrome on WINDOWS (464dc09bd8c8d72b5b1f2a84dffd7a99)] -> xpath: //td[2]], [[ChromeDriver: chrome on WINDOWS (464dc09bd8c8d72b5b1f2a84dffd7a99)] -> xpath: //td[2]], [[ChromeDriver: chrome on WINDOWS (464dc09bd8c8d72b5b1f2a84dffd7a99)] -> xpath: //td[2]], [[ChromeDriver: chrome on WINDOWS (464dc09bd8c8d72b5b1f2a84dffd7a99)] -> xpath: //td[2]], [[ChromeDriver: chrome on WINDOWS (464dc09bd8c8d72b5b1f2a84dffd7a99)] -> xpath: //td[2]], [[ChromeDriver: chrome on WINDOWS (464dc09bd8c8d72b5b1f2a84dffd7a99)] -> xpath: //td[2]], [[ChromeDriver: chrome on WINDOWS (464dc09bd8c8d72b5b1f2a84dffd7a99)] -> xpath: //td[2]], [[ChromeDriver: chrome on WINDOWS (464dc09bd8c8d72b5b1f2a84dffd7a99)] -> xpath: //td[2]], [[ChromeDriver: chrome on WINDOWS (464dc09bd8c8d72b5b1f2a84dffd7a99)] -> xpath: //td[2]], [[ChromeDriver: chrome on WINDOWS (464dc09bd8c8d72b5b1f2a84dffd7a99)] -> xpath: //td[2]], [[ChromeDriver: chrome on WINDOWS (464dc09bd8c8d72b5b1f2a84dffd7a99)] -> xpath: //td[2]]]]]]>
            </message>
            <full-stacktrace>
              <![CDATA[java.lang.AssertionError: expected [book] but found [[[[ChromeDriver: chrome on WINDOWS (464dc09bd8c8d72b5b1f2a84dffd7a99)] -> xpath: //td[2]], [[ChromeDriver: chrome on WINDOWS (464dc09bd8c8d72b5b1f2a84dffd7a99)] -> xpath: //td[2]], [[ChromeDriver: chrome on WINDOWS (464dc09bd8c8d72b5b1f2a84dffd7a99)] -> xpath: //td[2]], [[ChromeDriver: chrome on WINDOWS (464dc09bd8c8d72b5b1f2a84dffd7a99)] -> xpath: //td[2]], [[ChromeDriver: chrome on WINDOWS (464dc09bd8c8d72b5b1f2a84dffd7a99)] -> xpath: //td[2]], [[ChromeDriver: chrome on WINDOWS (464dc09bd8c8d72b5b1f2a84dffd7a99)] -> xpath: //td[2]], [[ChromeDriver: chrome on WINDOWS (464dc09bd8c8d72b5b1f2a84dffd7a99)] -> xpath: //td[2]], [[ChromeDriver: chrome on WINDOWS (464dc09bd8c8d72b5b1f2a84dffd7a99)] -> xpath: //td[2]], [[ChromeDriver: chrome on WINDOWS (464dc09bd8c8d72b5b1f2a84dffd7a99)] -> xpath: //td[2]], [[ChromeDriver: chrome on WINDOWS (464dc09bd8c8d72b5b1f2a84dffd7a99)] -> xpath: //td[2]], [[ChromeDriver: chrome on WINDOWS (464dc09bd8c8d72b5b1f2a84dffd7a99)] -> xpath: //td[2]]]]
at org.testng.Assert.fail(Assert.java:96)
at org.testng.Assert.failNotEquals(Assert.java:776)
at org.testng.Assert.assertEqualsImpl(Assert.java:137)
at org.testng.Assert.assertEquals(Assert.java:118)
at org.testng.Assert.assertEquals(Assert.java:442)
at com.hybrid.objectRepository.PracticePageFactory.webTable(PracticePageFactory.java:342)
at com.hybrid.test.PracticePageTest.webTable(PracticePageTest.java:61)
at sun.reflect.NativeMethodAccessorImpl.invoke0(Native Method)
at sun.reflect.NativeMethodAccessorImpl.invoke(Unknown Source)
at sun.reflect.DelegatingMethodAccessorImpl.invoke(Unknown Source)
at java.lang.reflect.Method.invoke(Unknown Source)
at org.testng.internal.MethodInvocationHelper.invokeMethod(MethodInvocationHelper.java:124)
at org.testng.internal.Invoker.invokeMethod(Invoker.java:583)
at org.testng.internal.Invoker.invokeTestMethod(Invoker.java:719)
at org.testng.internal.Invoker.invokeTestMethods(Invoker.java:989)
at org.testng.internal.TestMethodWorker.invokeTestMethods(TestMethodWorker.java:125)
at org.testng.internal.TestMethodWorker.run(TestMethodWorker.java:109)
at org.testng.TestRunner.privateRun(TestRunner.java:648)
at org.testng.TestRunner.run(TestRunner.java:505)
at org.testng.SuiteRunner.runTest(SuiteRunner.java:455)
at org.testng.SuiteRunner.runSequentially(SuiteRunner.java:450)
at org.testng.SuiteRunner.privateRun(SuiteRunner.java:415)
at org.testng.SuiteRunner.run(SuiteRunner.java:364)
at org.testng.SuiteRunnerWorker.runSuite(SuiteRunnerWorker.java:52)
at org.testng.SuiteRunnerWorker.run(SuiteRunnerWorker.java:84)
at org.testng.TestNG.runSuitesSequentially(TestNG.java:1208)
at org.testng.TestNG.runSuitesLocally(TestNG.java:1137)
at org.testng.TestNG.runSuites(TestNG.java:1049)
at org.testng.TestNG.run(TestNG.java:1017)
at org.testng.remote.AbstractRemoteTestNG.run(AbstractRemoteTestNG.java:115)
at org.testng.remote.RemoteTestNG.initAndRun(RemoteTestNG.java:251)
at org.testng.remote.RemoteTestNG.main(RemoteTestNG.java:77)
]]>
            </full-stacktrace>
          </exception> <!-- java.lang.AssertionError -->
          <reporter-output>
          </reporter-output>
        </test-method> <!-- webTable -->
        <test-method status="PASS" signature="elementDisplayed()[pri:9, instance:com.hybrid.test.PracticePageTest@531f4093]" name="elementDisplayed" duration-ms="538" started-at="2020-04-28T10:26:46Z" finished-at="2020-04-28T10:26:46Z">
          <reporter-output>
          </reporter-output>
        </test-method> <!-- elementDisplayed -->
        <test-method status="PASS" signature="hover()[pri:10, instance:com.hybrid.test.PracticePageTest@531f4093]" name="hover" duration-ms="1577" started-at="2020-04-28T10:26:46Z" finished-at="2020-04-28T10:26:48Z">
          <reporter-output>
          </reporter-output>
        </test-method> <!-- hover -->
        <test-method status="PASS" signature="iframe()[pri:11, instance:com.hybrid.test.PracticePageTest@531f4093]" name="iframe" duration-ms="505" started-at="2020-04-28T10:26:48Z" finished-at="2020-04-28T10:26:48Z">
          <reporter-output>
          </reporter-output>
        </test-method> <!-- iframe -->
        <test-method status="PASS" signature="tearDown()[pri:0, instance:com.hybrid.test.PracticePageTest@531f4093]" name="tearDown" is-config="true" duration-ms="845" started-at="2020-04-28T10:26:48Z" finished-at="2020-04-28T10:26:49Z">
          <reporter-output>
          </reporter-output>
        </test-method> <!-- tearDown -->
      </class> <!-- com.hybrid.test.PracticePageTest -->
    </test> <!-- Default test -->
  </suite> <!-- Default suite -->
</testng-results>
